<?xml version="1.0" encoding="UTF-8"?>
<!-- Generated by org.testng.reporters.JUnitReportReporter -->
<testsuite skipped="0" hostname="gnvl.local" name="core.PrimeNumberCheckerTest" tests="99" failures="0" timestamp="25 Aug 2017 07:28:55 GMT" time="0.144" errors="0">
  <testcase name="test" time="0.002" classname="core.PrimeNumberCheckerTest"/>
  <testcase name="test" time="0.001" classname="core.PrimeNumberCheckerTest"/>
  <testcase name="test" time="0.001" classname="core.PrimeNumberCheckerTest"/>
  <testcase name="test" time="0.001" classname="core.PrimeNumberCheckerTest"/>
  <testcase name="test" time="0.002" classname="core.PrimeNumberCheckerTest"/>
  <testcase name="test" time="0.002" classname="core.PrimeNumberCheckerTest"/>
  <testcase name="test" time="0.001" classname="core.PrimeNumberCheckerTest"/>
  <testcase name="test" time="0.001" classname="core.PrimeNumberCheckerTest"/>
  <testcase name="test" time="0.002" classname="core.PrimeNumberCheckerTest"/>
  <testcase name="test" time="0.001" classname="core.PrimeNumberCheckerTest"/>
  <testcase name="test" time="0.001" classname="core.PrimeNumberCheckerTest"/>
  <testcase name="test" time="0.002" classname="core.PrimeNumberCheckerTest"/>
  <testcase name="test" time="0.002" classname="core.PrimeNumberCheckerTest"/>
  <testcase name="test" time="0.001" classname="core.PrimeNumberCheckerTest"/>
  <testcase name="test" time="0.007" classname="core.PrimeNumberCheckerTest"/>
  <testcase name="test" time="0.001" classname="core.PrimeNumberCheckerTest"/>
  <testcase name="test" time="0.001" classname="core.PrimeNumberCheckerTest"/>
  <testcase name="test" time="0.001" classname="core.PrimeNumberCheckerTest"/>
  <testcase name="test" time="0.002" classname="core.PrimeNumberCheckerTest"/>
  <testcase name="test" time="0.019" classname="core.PrimeNumberCheckerTest"/>
  <testcase name="test" time="0.001" classname="core.PrimeNumberCheckerTest"/>
  <testcase name="test" time="0.001" classname="core.PrimeNumberCheckerTest"/>
  <testcase name="test" time="0.001" classname="core.PrimeNumberCheckerTest"/>
  <testcase name="test" time="0.000" classname="core.PrimeNumberCheckerTest"/>
  <testcase name="test" time="0.002" classname="core.PrimeNumberCheckerTest"/>
  <testcase name="test" time="0.001" classname="core.PrimeNumberCheckerTest"/>
  <testcase name="test" time="0.002" classname="core.PrimeNumberCheckerTest"/>
  <testcase name="test" time="0.001" classname="core.PrimeNumberCheckerTest"/>
  <testcase name="test" time="0.001" classname="core.PrimeNumberCheckerTest"/>
  <testcase name="test" time="0.001" classname="core.PrimeNumberCheckerTest"/>
  <testcase name="test" time="0.001" classname="core.PrimeNumberCheckerTest"/>
  <testcase name="test" time="0.001" classname="core.PrimeNumberCheckerTest"/>
  <testcase name="test" time="0.001" classname="core.PrimeNumberCheckerTest"/>
  <testcase name="test" time="0.001" classname="core.PrimeNumberCheckerTest"/>
  <testcase name="test" time="0.001" classname="core.PrimeNumberCheckerTest"/>
  <testcase name="test" time="0.001" classname="core.PrimeNumberCheckerTest"/>
  <testcase name="test" time="0.002" classname="core.PrimeNumberCheckerTest"/>
  <testcase name="test" time="0.001" classname="core.PrimeNumberCheckerTest"/>
  <testcase name="test" time="0.001" classname="core.PrimeNumberCheckerTest"/>
  <testcase name="test" time="0.001" classname="core.PrimeNumberCheckerTest"/>
  <testcase name="test" time="0.001" classname="core.PrimeNumberCheckerTest"/>
  <testcase name="test" time="0.001" classname="core.PrimeNumberCheckerTest"/>
  <testcase name="test" time="0.000" classname="core.PrimeNumberCheckerTest"/>
  <testcase name="test" time="0.001" classname="core.PrimeNumberCheckerTest"/>
  <testcase name="test" time="0.002" classname="core.PrimeNumberCheckerTest"/>
  <testcase name="test" time="0.001" classname="core.PrimeNumberCheckerTest"/>
  <testcase name="test" time="0.001" classname="core.PrimeNumberCheckerTest"/>
  <testcase name="test" time="0.001" classname="core.PrimeNumberCheckerTest"/>
  <testcase name="test" time="0.002" classname="core.PrimeNumberCheckerTest"/>
  <testcase name="test" time="0.002" classname="core.PrimeNumberCheckerTest"/>
  <testcase name="test" time="0.001" classname="core.PrimeNumberCheckerTest"/>
  <testcase name="test" time="0.001" classname="core.PrimeNumberCheckerTest"/>
  <testcase name="test" time="0.001" classname="core.PrimeNumberCheckerTest"/>
  <testcase name="test" time="0.001" classname="core.PrimeNumberCheckerTest"/>
  <testcase name="test" time="0.001" classname="core.PrimeNumberCheckerTest"/>
  <testcase name="test" time="0.001" classname="core.PrimeNumberCheckerTest"/>
  <testcase name="test" time="0.000" classname="core.PrimeNumberCheckerTest"/>
  <testcase name="test" time="0.002" classname="core.PrimeNumberCheckerTest"/>
  <testcase name="test" time="0.001" classname="core.PrimeNumberCheckerTest"/>
  <testcase name="test" time="0.001" classname="core.PrimeNumberCheckerTest"/>
  <testcase name="test" time="0.001" classname="core.PrimeNumberCheckerTest"/>
  <testcase name="test" time="0.002" classname="core.PrimeNumberCheckerTest"/>
  <testcase name="test" time="0.001" classname="core.PrimeNumberCheckerTest"/>
  <testcase name="test" time="0.002" classname="core.PrimeNumberCheckerTest"/>
  <testcase name="test" time="0.002" classname="core.PrimeNumberCheckerTest"/>
  <testcase name="test" time="0.001" classname="core.PrimeNumberCheckerTest"/>
  <testcase name="test" time="0.001" classname="core.PrimeNumberCheckerTest"/>
  <testcase name="test" time="0.002" classname="core.PrimeNumberCheckerTest"/>
  <testcase name="test" time="0.001" classname="core.PrimeNumberCheckerTest"/>
  <testcase name="test" time="0.004" classname="core.PrimeNumberCheckerTest"/>
  <testcase name="test" time="0.001" classname="core.PrimeNumberCheckerTest"/>
  <testcase name="test" time="0.002" classname="core.PrimeNumberCheckerTest"/>
  <testcase name="test" time="0.001" classname="core.PrimeNumberCheckerTest"/>
  <testcase name="test" time="0.001" classname="core.PrimeNumberCheckerTest"/>
  <testcase name="test" time="0.001" classname="core.PrimeNumberCheckerTest"/>
  <testcase name="test" time="0.001" classname="core.PrimeNumberCheckerTest"/>
  <testcase name="test" time="0.001" classname="core.PrimeNumberCheckerTest"/>
  <testcase name="test" time="0.001" classname="core.PrimeNumberCheckerTest"/>
  <testcase name="test" time="0.002" classname="core.PrimeNumberCheckerTest"/>
  <testcase name="test" time="0.000" classname="core.PrimeNumberCheckerTest"/>
  <testcase name="test" time="0.002" classname="core.PrimeNumberCheckerTest"/>
  <testcase name="test" time="0.001" classname="core.PrimeNumberCheckerTest"/>
  <testcase name="test" time="0.002" classname="core.PrimeNumberCheckerTest"/>
  <testcase name="test" time="0.001" classname="core.PrimeNumberCheckerTest"/>
  <testcase name="test" time="0.001" classname="core.PrimeNumberCheckerTest"/>
  <testcase name="test" time="0.001" classname="core.PrimeNumberCheckerTest"/>
  <testcase name="test" time="0.001" classname="core.PrimeNumberCheckerTest"/>
  <testcase name="test" time="0.001" classname="core.PrimeNumberCheckerTest"/>
  <testcase name="test" time="0.001" classname="core.PrimeNumberCheckerTest"/>
  <testcase name="test" time="0.001" classname="core.PrimeNumberCheckerTest"/>
  <testcase name="test" time="0.001" classname="core.PrimeNumberCheckerTest"/>
  <testcase name="test" time="0.001" classname="core.PrimeNumberCheckerTest"/>
  <testcase name="test" time="0.001" classname="core.PrimeNumberCheckerTest"/>
  <testcase name="test" time="0.001" classname="core.PrimeNumberCheckerTest"/>
  <testcase name="test" time="0.001" classname="core.PrimeNumberCheckerTest"/>
  <testcase name="test" time="0.001" classname="core.PrimeNumberCheckerTest"/>
  <testcase name="test" time="0.001" classname="core.PrimeNumberCheckerTest"/>
  <testcase name="test" time="0.001" classname="core.PrimeNumberCheckerTest"/>
  <testcase name="test" time="0.001" classname="core.PrimeNumberCheckerTest"/>
</testsuite> <!-- core.PrimeNumberCheckerTest -->
